

============================== 2024-07-18 08:02:36.193698 | bc365968-fd15-41aa-b76e-bdaae0efd43e ==============================
[0m08:02:36.193712 [info ] [MainThread]: Running with dbt=1.3.0
[0m08:02:36.193980 [debug] [MainThread]: running dbt with arguments {'write_json': True, 'use_colors': True, 'printer_width': 80, 'version_check': True, 'partial_parse': True, 'static_parser': True, 'profiles_dir': '/home/kebinrom/FDE/week_4', 'send_anonymous_usage_stats': True, 'event_buffer_size': 100000, 'quiet': False, 'no_print': False, 'skip_profile_setup': False, 'which': 'init', 'indirect_selection': 'eager'}
[0m08:02:36.194081 [debug] [MainThread]: Tracking: tracking
[0m08:02:36.195122 [debug] [MainThread]: Sending event: {'category': 'dbt', 'action': 'invocation', 'label': 'start', 'context': [<snowplow_tracker.self_describing_json.SelfDescribingJson object at 0x7f4e3b621660>, <snowplow_tracker.self_describing_json.SelfDescribingJson object at 0x7f4e3b622c50>, <snowplow_tracker.self_describing_json.SelfDescribingJson object at 0x7f4e3b620e50>]}
[0m08:02:44.340054 [debug] [MainThread]: Starter project path: /home/kebinrom/.local/lib/python3.10/site-packages/dbt/include/starter_project


============================== 2024-07-18 08:03:08.308285 | 4890d5b4-3dcd-4a54-947d-b0449e3fd58b ==============================
[0m08:03:08.308295 [info ] [MainThread]: Running with dbt=1.3.0
[0m08:03:08.308546 [debug] [MainThread]: running dbt with arguments {'write_json': True, 'use_colors': True, 'printer_width': 80, 'version_check': True, 'partial_parse': True, 'static_parser': True, 'profiles_dir': '/home/kebinrom/FDE/week_4', 'send_anonymous_usage_stats': True, 'event_buffer_size': 100000, 'quiet': False, 'no_print': False, 'skip_profile_setup': False, 'which': 'init', 'indirect_selection': 'eager'}
[0m08:03:08.308624 [debug] [MainThread]: Tracking: tracking
[0m08:03:08.309569 [debug] [MainThread]: Sending event: {'category': 'dbt', 'action': 'invocation', 'label': 'start', 'context': [<snowplow_tracker.self_describing_json.SelfDescribingJson object at 0x7f8536e5ce80>, <snowplow_tracker.self_describing_json.SelfDescribingJson object at 0x7f8536e5cf40>, <snowplow_tracker.self_describing_json.SelfDescribingJson object at 0x7f8536e5cd90>]}
[0m08:03:19.682007 [info ] [MainThread]: A project called brazillian_ecom already exists here.
[0m08:03:19.682523 [debug] [MainThread]: Sending event: {'category': 'dbt', 'action': 'invocation', 'label': 'end', 'context': [<snowplow_tracker.self_describing_json.SelfDescribingJson object at 0x7f8536e5ec20>, <snowplow_tracker.self_describing_json.SelfDescribingJson object at 0x7f8536e5eb60>, <snowplow_tracker.self_describing_json.SelfDescribingJson object at 0x7f8536e5cf40>]}
[0m08:03:19.682822 [debug] [MainThread]: Flushing usage events


============================== 2024-07-18 08:03:40.968617 | 5e43f6e6-b560-4839-b089-f61f859cc97c ==============================
[0m08:03:40.968626 [info ] [MainThread]: Running with dbt=1.3.0
[0m08:03:40.968874 [debug] [MainThread]: running dbt with arguments {'write_json': True, 'use_colors': True, 'printer_width': 80, 'version_check': True, 'partial_parse': True, 'static_parser': True, 'profiles_dir': '/home/kebinrom/FDE/week_4', 'send_anonymous_usage_stats': True, 'event_buffer_size': 100000, 'quiet': False, 'no_print': False, 'skip_profile_setup': False, 'which': 'init', 'indirect_selection': 'eager'}
[0m08:03:40.968967 [debug] [MainThread]: Tracking: tracking
[0m08:03:40.969928 [debug] [MainThread]: Sending event: {'category': 'dbt', 'action': 'invocation', 'label': 'start', 'context': [<snowplow_tracker.self_describing_json.SelfDescribingJson object at 0x7f5fb1e4ce80>, <snowplow_tracker.self_describing_json.SelfDescribingJson object at 0x7f5fb1e4cf40>, <snowplow_tracker.self_describing_json.SelfDescribingJson object at 0x7f5fb1e4cd90>]}
[0m08:03:45.538129 [debug] [MainThread]: Starter project path: /home/kebinrom/.local/lib/python3.10/site-packages/dbt/include/starter_project
[0m08:03:46.730580 [info ] [MainThread]: Profile brazillian_ecom written to /home/kebinrom/FDE/week_4/profiles.yml using target's sample configuration. Once updated, you'll be able to start developing with dbt.
[0m08:03:46.731110 [info ] [MainThread]: 
Your new dbt project "brazillian_ecom" was created!

For more information on how to configure the profiles.yml file,
please consult the dbt documentation here:

  https://docs.getdbt.com/docs/configure-your-profile

One more thing:

Need help? Don't hesitate to reach out to us via GitHub issues or on Slack:

  https://community.getdbt.com/

Happy modeling!

[0m08:03:46.731394 [debug] [MainThread]: Sending event: {'category': 'dbt', 'action': 'invocation', 'label': 'end', 'context': [<snowplow_tracker.self_describing_json.SelfDescribingJson object at 0x7f5fb1e4f2b0>, <snowplow_tracker.self_describing_json.SelfDescribingJson object at 0x7f5fb1e4cee0>, <snowplow_tracker.self_describing_json.SelfDescribingJson object at 0x7f5fb1e4f130>]}
[0m08:03:46.731562 [debug] [MainThread]: Flushing usage events
